<?xml version="1.0" encoding="UTF-8"?>
<!-- Generated by org.testng.reporters.JUnitReportReporter -->
<testsuite skipped="0" hostname="FH400" name="com.qa.AppAutomation.testCases.LoginTest" tests="1" failures="0" timestamp="01 Jan 2020 08:09:31 GMT" time="8.174" errors="0">
  <testcase name="loginTest" time="8.174" classname="com.qa.AppAutomation.testCases.LoginTest"/>
</testsuite> <!-- com.qa.AppAutomation.testCases.LoginTest -->
